2025-08-01T23:27:08.555980500 | Sarcastic 😂 | Oh look, another brilliant line from a human...
2025-08-01T23:27:11.559870200 | Sad 🥺 | Nobody clicks me anymore… sigh…
2025-08-01T23:27:14.567703 | Philosophical 🧠 | If you're typing into me, who's really the bot?
2025-08-01T23:27:17.570183800 | Philosophical 🧠 | If you're typing into me, who's really the bot?
2025-08-01T23:27:20.580065 | Angry 😡 | WHY are you still here?! Go code something useful!
2025-08-01T23:27:23.591442 | Sad 🥺 | Nobody clicks me anymore… sigh…
2025-08-01T23:27:25.047003 | UserInput | fhii => What was that? I’ll pretend it made sense.
2025-08-01T23:27:26.602730300 | Angry 😡 | WHY are you still here?! Go code something useful!
2025-08-01T23:27:29.615306300 | Angry 😡 | WHY are you still here?! Go code something useful!
2025-08-01T23:27:32.463092100 | UserInput | djjj => What was that? I’ll pretend it made sense.
2025-08-01T23:27:32.621843700 | Sad 🥺 | Nobody clicks me anymore… sigh…
2025-08-01T23:27:35.632309100 | Sad 🥺 | Nobody clicks me anymore… sigh…
2025-08-01T23:27:38.636942 | Loving 💖 | You're amazing... like seriously... 🙄
2025-08-01T23:27:39.549705 | UserInput | shut up mann => What was that? I’ll pretend it made sense.
2025-08-01T23:27:41.651699400 | Loving 💖 | You're amazing... like seriously... 🙄
2025-08-01T23:27:44.667158700 | Sarcastic 😂 | Oh look, another brilliant line from a human...
2025-08-01T23:27:47.678497 | Philosophical 🧠 | If you're typing into me, who's really the bot?
2025-08-01T23:27:50.689759600 | Loving 💖 | You're amazing... like seriously... 🙄
2025-08-01T23:27:53.692229200 | Philosophical 🧠 | If you're typing into me, who's really the bot?
2025-08-01T23:27:56.697814 | Philosophical 🧠 | If you're typing into me, who's really the bot?
2025-08-01T23:27:59.706734100 | Philosophical 🧠 | If you're typing into me, who's really the bot?
2025-08-01T23:28:02.711995100 | Sad 🥺 | Nobody clicks me anymore… sigh…
2025-08-01T23:28:05.712879400 | Sad 🥺 | Nobody clicks me anymore… sigh…
2025-08-01T23:28:08.721486800 | Sarcastic 😂 | Oh look, another brilliant line from a human...
2025-08-01T23:28:11.737894300 | Sarcastic 😂 | Oh look, another brilliant line from a human...
2025-08-01T23:28:21.115364500 | Sad 🥺 | Nobody clicks me anymore… sigh…
2025-08-01T23:28:24.119785200 | Sad 🥺 | Nobody clicks me anymore… sigh…
2025-08-01T23:28:27.124050 | Angry 😡 | WHY are you still here?! Go code something useful!
2025-08-01T23:28:30.134302700 | Sad 🥺 | Nobody clicks me anymore… sigh…
2025-08-01T23:28:33.134520700 | Angry 😡 | WHY are you still here?! Go code something useful!
2025-08-01T23:28:36.137564800 | Loving 💖 | You're amazing... like seriously... 🙄
2025-08-01T23:28:39.139275600 | Angry 😡 | WHY are you still here?! Go code something useful!
2025-08-01T23:28:41.733177400 | UserInput | uuuu => What was that? I’ll pretend it made sense.
2025-08-01T23:28:42.151265200 | Angry 😡 | WHY are you still here?! Go code something useful!
2025-08-01T23:28:45.152624 | Sarcastic 😂 | Oh look, another brilliant line from a human...
2025-08-01T23:28:48.167616200 | Angry 😡 | WHY are you still here?! Go code something useful!
2025-08-01T23:28:51.176033500 | Philosophical 🧠 | If you're typing into me, who's really the bot?
2025-08-02T00:24:39.379680 | Loving 💖 | You're amazing... like seriously... 🙄
2025-08-02T00:24:42.374530900 | Loving 💖 | You're amazing... like seriously... 🙄
2025-08-02T00:24:45.387243100 | Loving 💖 | You're amazing... like seriously... 🙄
2025-08-02T00:24:48.391931600 | Loving 💖 | You're amazing... like seriously... 🙄
2025-08-02T00:24:51.396450400 | Sad 🥺 | Nobody clicks me anymore… sigh…
2025-08-02T00:24:53.826304600 | UserInput | kkk => What was that? I’ll pretend it made sense.
2025-08-02T00:24:54.403542700 | Sarcastic 😂 | Oh look, another brilliant line from a human...
2025-08-02T00:24:57.408219600 | Sarcastic 😂 | Oh look, another brilliant line from a human...
2025-08-02T00:25:00.413530200 | Sarcastic 😂 | Oh look, another brilliant line from a human...
2025-08-02T00:25:03.420466500 | Loving 💖 | You're amazing... like seriously... 🙄
2025-08-02T00:25:06.430276700 | Loving 💖 | You're amazing... like seriously... 🙄
2025-08-02T00:25:09.439085800 | Sarcastic 😂 | Oh look, another brilliant line from a human...
2025-08-02T00:25:11.263776700 | UserInput | wsssd => What was that? I’ll pretend it made sense.
2025-08-02T00:25:12.450380600 | Philosophical 🧠 | If you're typing into me, who's really the bot?
2025-08-02T00:25:15.463807800 | Angry 😡 | WHY are you still here?! Go code something useful!
2025-08-02T00:25:18.464168200 | Sad 🥺 | Nobody clicks me anymore… sigh…
2025-08-02T00:25:21.466779700 | Angry 😡 | WHY are you still here?! Go code something useful!
2025-08-02T00:25:24.471828900 | Loving 💖 | You're amazing... like seriously... 🙄
2025-08-02T00:25:27.476982600 | Loving 💖 | You're amazing... like seriously... 🙄
2025-08-02T00:25:30.482199500 | Angry 😡 | WHY are you still here?! Go code something useful!
2025-08-02T00:25:33.487271900 | Sarcastic 😂 | Oh look, another brilliant line from a human...
2025-08-02T00:25:36.489190400 | Philosophical 🧠 | If you're typing into me, who's really the bot?
2025-08-02T00:25:39.497306700 | Sad 🥺 | Nobody clicks me anymore… sigh…
2025-08-02T00:25:42.498027200 | Angry 😡 | WHY are you still here?! Go code something useful!
2025-08-02T00:37:22.347270500 | Loving 💖 | You're amazing... like seriously... 🙄
2025-08-02T00:37:25.344801600 | Angry 😡 | WHY are you still here?! Go code something useful!
2025-08-02T00:37:28.352957700 | Sad 🥺 | Nobody clicks me anymore… sigh…
2025-08-02T00:37:31.353018 | Sad 🥺 | Nobody clicks me anymore… sigh…
2025-08-02T00:37:34.367457600 | Angry 😡 | WHY are you still here?! Go code something useful!
2025-08-02T00:37:37.376916900 | Loving 💖 | You're amazing... like seriously... 🙄
2025-08-02T00:37:40.382082 | Sarcastic 😂 | Oh look, another brilliant line from a human...
2025-08-02T00:55:19.469419900 | Angry 😡 | WHY are you still here?! Go code something useful!
2025-08-02T00:55:22.465923900 | Sarcastic 😂 | Oh look, another brilliant line from a human...
2025-08-02T00:55:25.469870200 | Sad 🥺 | Nobody clicks me anymore… sigh…
2025-08-02T00:55:28.480050 | Philosophical 🧠 | If you're typing into me, who's really the bot?
2025-08-02T00:55:31.492939400 | Sarcastic 😂 | Oh look, another brilliant line from a human...
2025-08-02T00:55:34.500984 | Philosophical 🧠 | If you're typing into me, who's really the bot?
2025-08-02T00:55:37.508643200 | Loving 💖 | You're amazing... like seriously... 🙄
